<?xml version="1.0" encoding="UTF-8"?>
<!-- Generated by org.testng.reporters.JUnitXMLReporter -->
<testsuite ignored="0" hostname="VP" failures="0" tests="11" name="All Tests" time="167.583" errors="0" timestamp="2025-06-29T15:10:06 MST">
  <testcase classname="com.automationexercise.tests.HomePageTest" name="testHomePageNavigation" time="7.216"/>
  <testcase classname="com.automationexercise.tests.LoginPositiveTest" name="testValidLogin" time="13.423"/>
  <testcase classname="com.automationexercise.tests.LoginNegativeTest" name="testInvalidLogin" time="13.745"/>
  <testcase classname="com.automationexercise.tests.AddToCartTest" name="testAddProductToCart" time="9.915"/>
  <testcase classname="com.automationexercise.tests.CheckoutTest" name="testCheckoutProcess" time="42.272"/>
  <testcase classname="com.automationexercise.tests.RegistrationTest" name="testSuccessfulRegistration" time="0.949"/>
  <testcase classname="com.automationexercise.tests.ProductDetailsTest" name="testProductDetailsAndAddToCart" time="14.905"/>
  <testcase classname="com.automationexercise.tests.SearchTest" name="testSearchForExistingProduct" time="10.217"/>
  <testcase classname="com.automationexercise.tests.SearchTest" name="testSearchForNonExistentProduct" time="8.924"/>
  <testcase classname="com.automationexercise.tests.CartFunctionalityTest" name="testProductQuantityInCart" time="11.129"/>
  <testcase classname="com.automationexercise.tests.CartFunctionalityTest" name="testRemoveProductFromCart" time="13.245"/>
</testsuite> <!-- All Tests -->
