<?xml version="1.0" encoding="UTF-8"?>
<!-- Generated by org.testng.reporters.JUnitXMLReporter -->
<testsuite ignored="0" hostname="VP" failures="0" tests="11" name="UI Tests" time="147.225" errors="0" timestamp="2025-06-29T15:51:27 MST">
  <testcase classname="com.automationexercise.tests.HomePageTest" name="testHomePageNavigation" time="7.293"/>
  <testcase classname="com.automationexercise.tests.LoginPositiveTest" name="testValidLogin" time="13.311"/>
  <testcase classname="com.automationexercise.tests.LoginNegativeTest" name="testInvalidLogin" time="13.603"/>
  <testcase classname="com.automationexercise.tests.AddToCartTest" name="testAddProductToCart" time="9.395"/>
  <testcase classname="com.automationexercise.tests.CheckoutTest" name="testCheckoutProcess" time="38.289"/>
  <testcase classname="com.automationexercise.tests.RegistrationTest" name="testSuccessfulRegistration" time="0.836"/>
  <testcase classname="com.automationexercise.tests.ProductDetailsTest" name="testProductDetailsAndAddToCart" time="9.849"/>
  <testcase classname="com.automationexercise.tests.SearchTest" name="testSearchForExistingProduct" time="8.199"/>
  <testcase classname="com.automationexercise.tests.SearchTest" name="testSearchForNonExistentProduct" time="8.146"/>
  <testcase classname="com.automationexercise.tests.CartFunctionalityTest" name="testProductQuantityInCart" time="10.298"/>
  <testcase classname="com.automationexercise.tests.CartFunctionalityTest" name="testRemoveProductFromCart" time="11.158"/>
</testsuite> <!-- UI Tests -->
