<?xml version="1.0" encoding="UTF-8"?>
<testng-results ignored="0" total="11" passed="11" failed="0" skipped="0">
  <reporter-output>
  </reporter-output>
  <suite started-at="2025-06-29T15:07:18 MST" name="AutomationExercise Suite" finished-at="2025-06-29T15:10:05 MST" duration-ms="167583">
    <groups>
    </groups>
    <test started-at="2025-06-29T15:07:18 MST" name="All Tests" finished-at="2025-06-29T15:10:05 MST" duration-ms="167583">
      <class name="com.automationexercise.tests.CartFunctionalityTest">
        <test-method is-config="true" signature="setUp()[pri:0, instance:com.automationexercise.tests.CartFunctionalityTest@333d4a8c]" started-at="2025-06-29T15:09:36 MST" name="setUp" finished-at="2025-06-29T15:09:37 MST" duration-ms="1182" status="PASS">
          <reporter-output>
          </reporter-output>
        </test-method> <!-- setUp -->
        <test-method signature="testProductQuantityInCart()[pri:0, instance:com.automationexercise.tests.CartFunctionalityTest@333d4a8c]" started-at="2025-06-29T15:09:37 MST" name="testProductQuantityInCart" finished-at="2025-06-29T15:09:48 MST" duration-ms="11129" status="PASS">
          <reporter-output>
          </reporter-output>
        </test-method> <!-- testProductQuantityInCart -->
        <test-method is-config="true" signature="tearDown()[pri:0, instance:com.automationexercise.tests.CartFunctionalityTest@333d4a8c]" started-at="2025-06-29T15:09:48 MST" name="tearDown" finished-at="2025-06-29T15:09:50 MST" duration-ms="1946" status="PASS">
          <reporter-output>
          </reporter-output>
        </test-method> <!-- tearDown -->
        <test-method is-config="true" signature="setUp()[pri:0, instance:com.automationexercise.tests.CartFunctionalityTest@333d4a8c]" started-at="2025-06-29T15:09:50 MST" name="setUp" finished-at="2025-06-29T15:09:52 MST" duration-ms="1108" status="PASS">
          <reporter-output>
          </reporter-output>
        </test-method> <!-- setUp -->
        <test-method signature="testRemoveProductFromCart()[pri:0, instance:com.automationexercise.tests.CartFunctionalityTest@333d4a8c]" started-at="2025-06-29T15:09:52 MST" name="testRemoveProductFromCart" finished-at="2025-06-29T15:10:05 MST" duration-ms="13245" status="PASS">
          <reporter-output>
          </reporter-output>
        </test-method> <!-- testRemoveProductFromCart -->
        <test-method is-config="true" signature="tearDown()[pri:0, instance:com.automationexercise.tests.CartFunctionalityTest@333d4a8c]" started-at="2025-06-29T15:10:05 MST" name="tearDown" finished-at="2025-06-29T15:10:05 MST" duration-ms="428" status="PASS">
          <reporter-output>
          </reporter-output>
        </test-method> <!-- tearDown -->
      </class> <!-- com.automationexercise.tests.CartFunctionalityTest -->
      <class name="com.automationexercise.tests.LoginNegativeTest">
        <test-method is-config="true" signature="setUp()[pri:0, instance:com.automationexercise.tests.LoginNegativeTest@33ecda92]" started-at="2025-06-29T15:07:43 MST" name="setUp" finished-at="2025-06-29T15:07:44 MST" duration-ms="1192" status="PASS">
          <reporter-output>
          </reporter-output>
        </test-method> <!-- setUp -->
        <test-method signature="testInvalidLogin()[pri:0, instance:com.automationexercise.tests.LoginNegativeTest@33ecda92]" started-at="2025-06-29T15:07:44 MST" name="testInvalidLogin" finished-at="2025-06-29T15:07:58 MST" duration-ms="13745" status="PASS">
          <reporter-output>
          </reporter-output>
        </test-method> <!-- testInvalidLogin -->
        <test-method is-config="true" signature="tearDown()[pri:0, instance:com.automationexercise.tests.LoginNegativeTest@33ecda92]" started-at="2025-06-29T15:07:58 MST" name="tearDown" finished-at="2025-06-29T15:07:58 MST" duration-ms="322" status="PASS">
          <reporter-output>
          </reporter-output>
        </test-method> <!-- tearDown -->
      </class> <!-- com.automationexercise.tests.LoginNegativeTest -->
      <class name="com.automationexercise.tests.CheckoutTest">
        <test-method is-config="true" signature="setUp()[pri:0, instance:com.automationexercise.tests.CheckoutTest@6e2829c7]" started-at="2025-06-29T15:08:09 MST" name="setUp" finished-at="2025-06-29T15:08:11 MST" duration-ms="1279" status="PASS">
          <reporter-output>
          </reporter-output>
        </test-method> <!-- setUp -->
        <test-method signature="testCheckoutProcess()[pri:0, instance:com.automationexercise.tests.CheckoutTest@6e2829c7]" started-at="2025-06-29T15:08:11 MST" name="testCheckoutProcess" description="Verify checkout process after registration" finished-at="2025-06-29T15:08:53 MST" duration-ms="42272" status="PASS">
          <reporter-output>
          </reporter-output>
        </test-method> <!-- testCheckoutProcess -->
        <test-method is-config="true" signature="tearDown()[pri:0, instance:com.automationexercise.tests.CheckoutTest@6e2829c7]" started-at="2025-06-29T15:08:53 MST" name="tearDown" finished-at="2025-06-29T15:08:53 MST" duration-ms="421" status="PASS">
          <reporter-output>
          </reporter-output>
        </test-method> <!-- tearDown -->
      </class> <!-- com.automationexercise.tests.CheckoutTest -->
      <class name="com.automationexercise.tests.ProductDetailsTest">
        <test-method is-config="true" signature="setUp()[pri:0, instance:com.automationexercise.tests.ProductDetailsTest@6a8658ff]" started-at="2025-06-29T15:08:56 MST" name="setUp" finished-at="2025-06-29T15:08:57 MST" duration-ms="1252" status="PASS">
          <reporter-output>
          </reporter-output>
        </test-method> <!-- setUp -->
        <test-method signature="testProductDetailsAndAddToCart()[pri:0, instance:com.automationexercise.tests.ProductDetailsTest@6a8658ff]" started-at="2025-06-29T15:08:57 MST" name="testProductDetailsAndAddToCart" finished-at="2025-06-29T15:09:12 MST" duration-ms="14905" status="PASS">
          <reporter-output>
          </reporter-output>
        </test-method> <!-- testProductDetailsAndAddToCart -->
        <test-method is-config="true" signature="tearDown()[pri:0, instance:com.automationexercise.tests.ProductDetailsTest@6a8658ff]" started-at="2025-06-29T15:09:12 MST" name="tearDown" finished-at="2025-06-29T15:09:12 MST" duration-ms="421" status="PASS">
          <reporter-output>
          </reporter-output>
        </test-method> <!-- tearDown -->
      </class> <!-- com.automationexercise.tests.ProductDetailsTest -->
      <class name="com.automationexercise.tests.SearchTest">
        <test-method is-config="true" signature="setUp()[pri:0, instance:com.automationexercise.tests.SearchTest@1c742ed4]" started-at="2025-06-29T15:09:12 MST" name="setUp" finished-at="2025-06-29T15:09:14 MST" duration-ms="1198" status="PASS">
          <reporter-output>
          </reporter-output>
        </test-method> <!-- setUp -->
        <test-method signature="testSearchForExistingProduct()[pri:0, instance:com.automationexercise.tests.SearchTest@1c742ed4]" started-at="2025-06-29T15:09:14 MST" name="testSearchForExistingProduct" description="Verify that searching for an existing product returns results." finished-at="2025-06-29T15:09:24 MST" duration-ms="10217" status="PASS">
          <reporter-output>
          </reporter-output>
        </test-method> <!-- testSearchForExistingProduct -->
        <test-method is-config="true" signature="tearDown()[pri:0, instance:com.automationexercise.tests.SearchTest@1c742ed4]" started-at="2025-06-29T15:09:24 MST" name="tearDown" finished-at="2025-06-29T15:09:26 MST" duration-ms="1922" status="PASS">
          <reporter-output>
          </reporter-output>
        </test-method> <!-- tearDown -->
        <test-method is-config="true" signature="setUp()[pri:0, instance:com.automationexercise.tests.SearchTest@1c742ed4]" started-at="2025-06-29T15:09:26 MST" name="setUp" finished-at="2025-06-29T15:09:27 MST" duration-ms="1144" status="PASS">
          <reporter-output>
          </reporter-output>
        </test-method> <!-- setUp -->
        <test-method signature="testSearchForNonExistentProduct()[pri:0, instance:com.automationexercise.tests.SearchTest@1c742ed4]" started-at="2025-06-29T15:09:27 MST" name="testSearchForNonExistentProduct" description="Verify that searching for a non-existent product shows no results." finished-at="2025-06-29T15:09:36 MST" duration-ms="8924" status="PASS">
          <reporter-output>
          </reporter-output>
        </test-method> <!-- testSearchForNonExistentProduct -->
        <test-method is-config="true" signature="tearDown()[pri:0, instance:com.automationexercise.tests.SearchTest@1c742ed4]" started-at="2025-06-29T15:09:36 MST" name="tearDown" finished-at="2025-06-29T15:09:36 MST" duration-ms="326" status="PASS">
          <reporter-output>
          </reporter-output>
        </test-method> <!-- tearDown -->
      </class> <!-- com.automationexercise.tests.SearchTest -->
      <class name="com.automationexercise.tests.RegistrationTest">
        <test-method is-config="true" signature="setUp()[pri:0, instance:com.automationexercise.tests.RegistrationTest@3feb2dda]" started-at="2025-06-29T15:08:53 MST" name="setUp" finished-at="2025-06-29T15:08:55 MST" duration-ms="1259" status="PASS">
          <reporter-output>
          </reporter-output>
        </test-method> <!-- setUp -->
        <test-method signature="testSuccessfulRegistration()[pri:0, instance:com.automationexercise.tests.RegistrationTest@3feb2dda]" started-at="2025-06-29T15:08:55 MST" name="testSuccessfulRegistration" finished-at="2025-06-29T15:08:56 MST" duration-ms="949" status="PASS">
          <reporter-output>
          </reporter-output>
        </test-method> <!-- testSuccessfulRegistration -->
        <test-method is-config="true" signature="tearDown()[pri:0, instance:com.automationexercise.tests.RegistrationTest@3feb2dda]" started-at="2025-06-29T15:08:56 MST" name="tearDown" finished-at="2025-06-29T15:08:56 MST" duration-ms="290" status="PASS">
          <reporter-output>
          </reporter-output>
        </test-method> <!-- tearDown -->
      </class> <!-- com.automationexercise.tests.RegistrationTest -->
      <class name="com.automationexercise.tests.AddToCartTest">
        <test-method is-config="true" signature="setUp()[pri:0, instance:com.automationexercise.tests.AddToCartTest@14fc5f04]" started-at="2025-06-29T15:07:58 MST" name="setUp" finished-at="2025-06-29T15:07:59 MST" duration-ms="1187" status="PASS">
          <reporter-output>
          </reporter-output>
        </test-method> <!-- setUp -->
        <test-method signature="testAddProductToCart()[pri:0, instance:com.automationexercise.tests.AddToCartTest@14fc5f04]" started-at="2025-06-29T15:07:59 MST" name="testAddProductToCart" finished-at="2025-06-29T15:08:09 MST" duration-ms="9915" status="PASS">
          <reporter-output>
          </reporter-output>
        </test-method> <!-- testAddProductToCart -->
        <test-method is-config="true" signature="tearDown()[pri:0, instance:com.automationexercise.tests.AddToCartTest@14fc5f04]" started-at="2025-06-29T15:08:09 MST" name="tearDown" finished-at="2025-06-29T15:08:09 MST" duration-ms="390" status="PASS">
          <reporter-output>
          </reporter-output>
        </test-method> <!-- tearDown -->
      </class> <!-- com.automationexercise.tests.AddToCartTest -->
      <class name="com.automationexercise.tests.HomePageTest">
        <test-method is-config="true" signature="setUp()[pri:0, instance:com.automationexercise.tests.HomePageTest@4c163e3]" started-at="2025-06-29T15:07:18 MST" name="setUp" finished-at="2025-06-29T15:07:20 MST" duration-ms="2363" status="PASS">
          <reporter-output>
          </reporter-output>
        </test-method> <!-- setUp -->
        <test-method signature="testHomePageNavigation()[pri:0, instance:com.automationexercise.tests.HomePageTest@4c163e3]" started-at="2025-06-29T15:07:20 MST" name="testHomePageNavigation" finished-at="2025-06-29T15:07:27 MST" duration-ms="7216" status="PASS">
          <reporter-output>
          </reporter-output>
        </test-method> <!-- testHomePageNavigation -->
        <test-method is-config="true" signature="tearDown()[pri:0, instance:com.automationexercise.tests.HomePageTest@4c163e3]" started-at="2025-06-29T15:07:27 MST" name="tearDown" finished-at="2025-06-29T15:07:28 MST" duration-ms="284" status="PASS">
          <reporter-output>
          </reporter-output>
        </test-method> <!-- tearDown -->
      </class> <!-- com.automationexercise.tests.HomePageTest -->
      <class name="com.automationexercise.tests.LoginPositiveTest">
        <test-method is-config="true" signature="setUp()[pri:0, instance:com.automationexercise.tests.LoginPositiveTest@15888343]" started-at="2025-06-29T15:07:28 MST" name="setUp" finished-at="2025-06-29T15:07:29 MST" duration-ms="1291" status="PASS">
          <reporter-output>
          </reporter-output>
        </test-method> <!-- setUp -->
        <test-method signature="testValidLogin()[pri:0, instance:com.automationexercise.tests.LoginPositiveTest@15888343]" started-at="2025-06-29T15:07:29 MST" name="testValidLogin" finished-at="2025-06-29T15:07:42 MST" duration-ms="13423" status="PASS">
          <reporter-output>
          </reporter-output>
        </test-method> <!-- testValidLogin -->
        <test-method is-config="true" signature="tearDown()[pri:0, instance:com.automationexercise.tests.LoginPositiveTest@15888343]" started-at="2025-06-29T15:07:42 MST" name="tearDown" finished-at="2025-06-29T15:07:43 MST" duration-ms="294" status="PASS">
          <reporter-output>
          </reporter-output>
        </test-method> <!-- tearDown -->
      </class> <!-- com.automationexercise.tests.LoginPositiveTest -->
    </test> <!-- All Tests -->
  </suite> <!-- AutomationExercise Suite -->
</testng-results>
