<?xml version="1.0" encoding="UTF-8"?>
<!-- Generated by org.testng.reporters.JUnitXMLReporter -->
<testsuite ignored="0" hostname="VP" failures="0" tests="11" name="UI Tests - Firefox" time="304.493" errors="0" timestamp="2025-06-30T11:22:40 MST">
  <testcase classname="com.automationexercise.tests.HomePageTest" name="testHomePageNavigation" time="12.928"/>
  <testcase classname="com.automationexercise.tests.LoginPositiveTest" name="testValidLogin" time="20.448"/>
  <testcase classname="com.automationexercise.tests.LoginNegativeTest" name="testInvalidLogin" time="20.735"/>
  <testcase classname="com.automationexercise.tests.AddToCartTest" name="testAddProductToCart" time="20.938"/>
  <testcase classname="com.automationexercise.tests.CheckoutTest" name="testCheckoutProcess" time="55.998"/>
  <testcase classname="com.automationexercise.tests.RegistrationTest" name="testSuccessfulRegistration" time="6.249"/>
  <testcase classname="com.automationexercise.tests.ProductDetailsTest" name="testProductDetailsAndAddToCart" time="18.759"/>
  <testcase classname="com.automationexercise.tests.SearchTest" name="testSearchForExistingProduct" time="16.234"/>
  <testcase classname="com.automationexercise.tests.SearchTest" name="testSearchForNonExistentProduct" time="15.558"/>
  <testcase classname="com.automationexercise.tests.CartFunctionalityTest" name="testProductQuantityInCart" time="18.02"/>
  <testcase classname="com.automationexercise.tests.CartFunctionalityTest" name="testRemoveProductFromCart" time="19.216"/>
</testsuite> <!-- UI Tests - Firefox -->
