<?xml version="1.0" encoding="UTF-8"?>
<!-- Generated by org.testng.reporters.JUnitXMLReporter -->
<testsuite ignored="0" hostname="VP" failures="0" tests="11" name="UI Tests - Chrome" time="204.572" errors="0" timestamp="2025-06-30T11:21:00 MST">
  <testcase classname="com.automationexercise.tests.HomePageTest" name="testHomePageNavigation" time="11.773"/>
  <testcase classname="com.automationexercise.tests.LoginPositiveTest" name="testValidLogin" time="17.048"/>
  <testcase classname="com.automationexercise.tests.LoginNegativeTest" name="testInvalidLogin" time="14.85"/>
  <testcase classname="com.automationexercise.tests.AddToCartTest" name="testAddProductToCart" time="13.159"/>
  <testcase classname="com.automationexercise.tests.CheckoutTest" name="testCheckoutProcess" time="48.423"/>
  <testcase classname="com.automationexercise.tests.RegistrationTest" name="testSuccessfulRegistration" time="1.482"/>
  <testcase classname="com.automationexercise.tests.ProductDetailsTest" name="testProductDetailsAndAddToCart" time="15.967"/>
  <testcase classname="com.automationexercise.tests.SearchTest" name="testSearchForExistingProduct" time="11.332"/>
  <testcase classname="com.automationexercise.tests.SearchTest" name="testSearchForNonExistentProduct" time="11.19"/>
  <testcase classname="com.automationexercise.tests.CartFunctionalityTest" name="testProductQuantityInCart" time="17.744"/>
  <testcase classname="com.automationexercise.tests.CartFunctionalityTest" name="testRemoveProductFromCart" time="14.903"/>
</testsuite> <!-- UI Tests - Chrome -->
