<?xml version="1.0" encoding="UTF-8"?>
<!-- Generated by org.testng.reporters.JUnitXMLReporter -->
<testsuite ignored="0" hostname="608576f6f0c1" failures="0" tests="11" name="UI Tests - Firefox" time="301.954" errors="0" timestamp="2025-06-30T03:15:45 UTC">
  <testcase classname="com.automationexercise.tests.HomePageTest" name="testHomePageNavigation" time="13.607"/>
  <testcase classname="com.automationexercise.tests.LoginPositiveTest" name="testValidLogin" time="20.468"/>
  <testcase classname="com.automationexercise.tests.LoginNegativeTest" name="testInvalidLogin" time="16.428"/>
  <testcase classname="com.automationexercise.tests.AddToCartTest" name="testAddProductToCart" time="19.313"/>
  <testcase classname="com.automationexercise.tests.CheckoutTest" name="testCheckoutProcess" time="67.59"/>
  <testcase classname="com.automationexercise.tests.RegistrationTest" name="testSuccessfulRegistration" time="2.373"/>
  <testcase classname="com.automationexercise.tests.ProductDetailsTest" name="testProductDetailsAndAddToCart" time="17.697"/>
  <testcase classname="com.automationexercise.tests.SearchTest" name="testSearchForExistingProduct" time="15.672"/>
  <testcase classname="com.automationexercise.tests.SearchTest" name="testSearchForNonExistentProduct" time="22.097"/>
  <testcase classname="com.automationexercise.tests.CartFunctionalityTest" name="testProductQuantityInCart" time="19.448"/>
  <testcase classname="com.automationexercise.tests.CartFunctionalityTest" name="testRemoveProductFromCart" time="19.219"/>
</testsuite> <!-- UI Tests - Firefox -->
