<?xml version="1.0" encoding="UTF-8"?>
<!-- Generated by org.testng.reporters.JUnitXMLReporter -->
<testsuite ignored="0" hostname="VP" failures="0" tests="11" name="UI Tests" time="148.89" errors="0" timestamp="2025-06-29T18:04:19 MST">
  <testcase classname="com.automationexercise.tests.HomePageTest" name="testHomePageNavigation" time="7.584"/>
  <testcase classname="com.automationexercise.tests.LoginPositiveTest" name="testValidLogin" time="13.207"/>
  <testcase classname="com.automationexercise.tests.LoginNegativeTest" name="testInvalidLogin" time="13.973"/>
  <testcase classname="com.automationexercise.tests.AddToCartTest" name="testAddProductToCart" time="9.649"/>
  <testcase classname="com.automationexercise.tests.CheckoutTest" name="testCheckoutProcess" time="37.177"/>
  <testcase classname="com.automationexercise.tests.RegistrationTest" name="testSuccessfulRegistration" time="0.864"/>
  <testcase classname="com.automationexercise.tests.ProductDetailsTest" name="testProductDetailsAndAddToCart" time="10.007"/>
  <testcase classname="com.automationexercise.tests.SearchTest" name="testSearchForExistingProduct" time="8.063"/>
  <testcase classname="com.automationexercise.tests.SearchTest" name="testSearchForNonExistentProduct" time="8.19"/>
  <testcase classname="com.automationexercise.tests.CartFunctionalityTest" name="testProductQuantityInCart" time="10.395"/>
  <testcase classname="com.automationexercise.tests.CartFunctionalityTest" name="testRemoveProductFromCart" time="9.532"/>
</testsuite> <!-- UI Tests -->
