<?xml version="1.0" encoding="UTF-8"?>
<!-- Generated by org.testng.reporters.JUnitXMLReporter -->
<testsuite ignored="0" hostname="033775bad3c9" failures="0" tests="11" name="UI Tests" time="170.316" errors="0" timestamp="2025-06-30T02:28:45 UTC">
  <testcase classname="com.automationexercise.tests.HomePageTest" name="testHomePageNavigation" time="8.468"/>
  <testcase classname="com.automationexercise.tests.LoginPositiveTest" name="testValidLogin" time="14.253"/>
  <testcase classname="com.automationexercise.tests.LoginNegativeTest" name="testInvalidLogin" time="14.572"/>
  <testcase classname="com.automationexercise.tests.AddToCartTest" name="testAddProductToCart" time="12.157"/>
  <testcase classname="com.automationexercise.tests.CheckoutTest" name="testCheckoutProcess" time="42.147"/>
  <testcase classname="com.automationexercise.tests.RegistrationTest" name="testSuccessfulRegistration" time="1.248"/>
  <testcase classname="com.automationexercise.tests.ProductDetailsTest" name="testProductDetailsAndAddToCart" time="13.473"/>
  <testcase classname="com.automationexercise.tests.SearchTest" name="testSearchForExistingProduct" time="11.27"/>
  <testcase classname="com.automationexercise.tests.SearchTest" name="testSearchForNonExistentProduct" time="9.784"/>
  <testcase classname="com.automationexercise.tests.CartFunctionalityTest" name="testProductQuantityInCart" time="13.2"/>
  <testcase classname="com.automationexercise.tests.CartFunctionalityTest" name="testRemoveProductFromCart" time="12.916"/>
</testsuite> <!-- UI Tests -->
